0 info it worked if it ends with ok
1 verbose cli [ 'C:\\Program Files\\nodejs\\node.exe',
1 verbose cli   'C:\\Program Files\\nodejs\\node_modules\\npm\\bin\\npm-cli.js',
1 verbose cli   'install',
1 verbose cli   '--save',
1 verbose cli   'flux-react' ]
2 info using npm@2.14.2
3 info using node@v4.0.0
4 verbose install initial load of C:\Proj\portfolio\package.json
5 verbose installManyTop reading scoped package data from C:\Proj\portfolio\node_modules\babelify\package.json
6 verbose installManyTop reading scoped package data from C:\Proj\portfolio\node_modules\browserify\package.json
7 verbose installManyTop reading scoped package data from C:\Proj\portfolio\node_modules\browserify-shim\package.json
8 verbose installManyTop reading scoped package data from C:\Proj\portfolio\node_modules\del\package.json
9 verbose installManyTop reading scoped package data from C:\Proj\portfolio\node_modules\eslint\package.json
10 verbose installManyTop reading scoped package data from C:\Proj\portfolio\node_modules\gulp\package.json
11 verbose installManyTop reading scoped package data from C:\Proj\portfolio\node_modules\gulp-autoprefixer\package.json
12 verbose installManyTop reading scoped package data from C:\Proj\portfolio\node_modules\gulp-cache\package.json
13 verbose installManyTop reading scoped package data from C:\Proj\portfolio\node_modules\gulp-changed\package.json
14 verbose installManyTop reading scoped package data from C:\Proj\portfolio\node_modules\gulp-clean\package.json
15 verbose installManyTop reading scoped package data from C:\Proj\portfolio\node_modules\gulp-connect\package.json
16 verbose installManyTop reading scoped package data from C:\Proj\portfolio\node_modules\gulp-html-replace\package.json
17 verbose installManyTop reading scoped package data from C:\Proj\portfolio\node_modules\gulp-htmlmin\package.json
18 verbose installManyTop reading scoped package data from C:\Proj\portfolio\node_modules\gulp-imagemin\package.json
19 verbose installManyTop reading scoped package data from C:\Proj\portfolio\node_modules\gulp-jshint\package.json
20 verbose installManyTop reading scoped package data from C:\Proj\portfolio\node_modules\gulp-minify-css\package.json
21 verbose installManyTop reading scoped package data from C:\Proj\portfolio\node_modules\gulp-rename\package.json
22 verbose installManyTop reading scoped package data from C:\Proj\portfolio\node_modules\gulp-sass\package.json
23 verbose installManyTop reading scoped package data from C:\Proj\portfolio\node_modules\gulp-sourcemaps\package.json
24 verbose installManyTop reading scoped package data from C:\Proj\portfolio\node_modules\gulp-streamify\package.json
25 verbose installManyTop reading scoped package data from C:\Proj\portfolio\node_modules\gulp-uglify\package.json
26 verbose installManyTop reading scoped package data from C:\Proj\portfolio\node_modules\react\package.json
27 verbose installManyTop reading scoped package data from C:\Proj\portfolio\node_modules\react-bootstrap\package.json
28 verbose installManyTop reading scoped package data from C:\Proj\portfolio\node_modules\react-dom\package.json
29 verbose installManyTop reading scoped package data from C:\Proj\portfolio\node_modules\react-fittext\package.json
30 verbose installManyTop reading scoped package data from C:\Proj\portfolio\node_modules\react-remarkable\package.json
31 verbose installManyTop reading scoped package data from C:\Proj\portfolio\node_modules\superagent\package.json
32 verbose installManyTop reading scoped package data from C:\Proj\portfolio\node_modules\vinyl-source-stream\package.json
33 verbose installManyTop reading scoped package data from C:\Proj\portfolio\node_modules\watchify\package.json
34 info package.json gulp-clean@0.3.1 No license field.
35 info package.json gulp-rename@1.2.2 No license field.
36 info package.json gulp-streamify@1.0.2 No license field.
37 info package.json react-fittext@0.1.1 No repository field.
38 info package.json react-fittext@0.1.1 license should be a valid SPDX license expression
39 verbose readDependencies loading dependencies from C:\Proj\portfolio\package.json
40 silly cache add args [ 'flux-react', null ]
41 verbose cache add spec flux-react
42 silly cache add parsed spec Result {
42 silly cache add   raw: 'flux-react',
42 silly cache add   scope: null,
42 silly cache add   name: 'flux-react',
42 silly cache add   rawSpec: '',
42 silly cache add   spec: '*',
42 silly cache add   type: 'range' }
43 silly addNamed flux-react@*
44 verbose addNamed "*" is a valid semver range for flux-react
45 silly addNameRange { name: 'flux-react', range: '*', hasData: false }
46 silly mapToRegistry name flux-react
47 silly mapToRegistry using default registry
48 silly mapToRegistry registry https://registry.npmjs.org/
49 silly mapToRegistry uri https://registry.npmjs.org/flux-react
50 verbose addNameRange registry:https://registry.npmjs.org/flux-react not in flight; fetching
51 verbose request uri https://registry.npmjs.org/flux-react
52 verbose request no auth needed
53 info attempt registry request try #1 at 2:01:00 AM
54 verbose request id ec1478dff44ecd02
55 verbose etag "4TL0U4LJ27DJLATR7BUPEK0YM"
56 http request GET https://registry.npmjs.org/flux-react
57 http 304 https://registry.npmjs.org/flux-react
58 silly get cb [ 304,
58 silly get   { date: 'Thu, 15 Oct 2015 06:00:53 GMT',
58 silly get     via: '1.1 varnish',
58 silly get     'cache-control': 'max-age=60',
58 silly get     etag: '"4TL0U4LJ27DJLATR7BUPEK0YM"',
58 silly get     age: '0',
58 silly get     connection: 'keep-alive',
58 silly get     'x-served-by': 'cache-jfk1028-JFK',
58 silly get     'x-cache': 'MISS',
58 silly get     'x-cache-hits': '0',
58 silly get     'x-timer': 'S1444888853.724748,VS0,VE82',
58 silly get     vary: 'Accept' } ]
59 verbose etag https://registry.npmjs.org/flux-react from cache
60 verbose get saving flux-react to C:\Users\benrh\AppData\Roaming\npm-cache\registry.npmjs.org\flux-react\.cache.json
61 silly addNameRange number 2 { name: 'flux-react', range: '*', hasData: true }
62 silly addNameRange versions [ 'flux-react',
62 silly addNameRange   [ '1.0.0',
62 silly addNameRange     '1.0.1',
62 silly addNameRange     '1.0.2',
62 silly addNameRange     '1.0.3',
62 silly addNameRange     '1.1.0',
62 silly addNameRange     '1.1.1',
62 silly addNameRange     '1.1.2',
62 silly addNameRange     '1.1.3',
62 silly addNameRange     '1.1.4',
62 silly addNameRange     '1.1.5',
62 silly addNameRange     '1.2.0',
62 silly addNameRange     '1.3.0',
62 silly addNameRange     '1.3.1',
62 silly addNameRange     '1.3.2',
62 silly addNameRange     '1.3.3',
62 silly addNameRange     '2.0.0',
62 silly addNameRange     '2.0.1',
62 silly addNameRange     '2.0.2',
62 silly addNameRange     '2.0.3',
62 silly addNameRange     '2.0.4',
62 silly addNameRange     '2.1.0',
62 silly addNameRange     '2.2.0',
62 silly addNameRange     '2.3.0',
62 silly addNameRange     '2.4.0',
62 silly addNameRange     '2.4.1',
62 silly addNameRange     '2.4.2',
62 silly addNameRange     '2.5.0',
62 silly addNameRange     '2.5.1',
62 silly addNameRange     '2.6.0',
62 silly addNameRange     '2.6.1',
62 silly addNameRange     '2.6.2',
62 silly addNameRange     '2.6.4',
62 silly addNameRange     '2.6.5',
62 silly addNameRange     '2.6.6' ] ]
63 silly addNamed flux-react@2.6.6
64 verbose addNamed "2.6.6" is a plain semver version for flux-react
65 silly cache afterAdd flux-react@2.6.6
66 verbose afterAdd C:\Users\benrh\AppData\Roaming\npm-cache\flux-react\2.6.6\package\package.json not in flight; writing
67 verbose afterAdd C:\Users\benrh\AppData\Roaming\npm-cache\flux-react\2.6.6\package\package.json written
68 silly install resolved [ { name: 'flux-react',
68 silly install resolved     version: '2.6.6',
68 silly install resolved     description: 'A React JS FLUX expansion',
68 silly install resolved     main: './src/main.js',
68 silly install resolved     scripts: { test: './node_modules/karma/bin/karma start karma.conf.js' },
68 silly install resolved     repository:
68 silly install resolved      { type: 'git',
68 silly install resolved        url: 'git+https://github.com/christianalfoni/flux-react.git' },
68 silly install resolved     author: { name: 'Christian Alfoni' },
68 silly install resolved     license: 'MIT',
68 silly install resolved     devDependencies:
68 silly install resolved      { browserify: '^10.2.1',
68 silly install resolved        gulp: '^3.8.7',
68 silly install resolved        'gulp-concat': '^2.3.4',
68 silly install resolved        'gulp-if': '^1.2.4',
68 silly install resolved        'gulp-livereload': '^2.1.0',
68 silly install resolved        'gulp-notify': '^1.4.2',
68 silly install resolved        'gulp-shell': '^0.2.10',
68 silly install resolved        'gulp-streamify': '0.0.5',
68 silly install resolved        'gulp-uglify': '^0.3.1',
68 silly install resolved        'gulp-util': '^3.0.0',
68 silly install resolved        'react-tools': '^0.11.1',
68 silly install resolved        reactify: '^0.14.0',
68 silly install resolved        'vinyl-source-stream': '^0.1.1',
68 silly install resolved        watchify: '^3.2.1' },
68 silly install resolved     dependencies: { eventemitter2: '^0.4.14' },
68 silly install resolved     peerDependencies: { react: '^0.13.0 || ^0.12.0 || ^0.11.0' },
68 silly install resolved     gitHead: 'd8e64d407d6f1c7688ad1537f1d4b891c54d417e',
68 silly install resolved     bugs: { url: 'https://github.com/christianalfoni/flux-react/issues' },
68 silly install resolved     homepage: 'https://github.com/christianalfoni/flux-react',
68 silly install resolved     _id: 'flux-react@2.6.6',
68 silly install resolved     _shasum: 'd471b5ee2dc7742aca6d6744d431fae8007eb30f',
68 silly install resolved     _from: 'flux-react@*',
68 silly install resolved     _npmVersion: '2.7.4',
68 silly install resolved     _nodeVersion: '0.12.2',
68 silly install resolved     _npmUser: { name: 'christianalfoni', email: 'christianalfoni@gmail.com' },
68 silly install resolved     dist:
68 silly install resolved      { shasum: 'd471b5ee2dc7742aca6d6744d431fae8007eb30f',
68 silly install resolved        tarball: 'http://registry.npmjs.org/flux-react/-/flux-react-2.6.6.tgz' },
68 silly install resolved     maintainers: [ [Object] ],
68 silly install resolved     directories: {},
68 silly install resolved     _resolved: 'https://registry.npmjs.org/flux-react/-/flux-react-2.6.6.tgz',
68 silly install resolved     readme: 'ERROR: No README data found!' } ]
69 info install flux-react@2.6.6 into C:\Proj\portfolio
70 info installOne flux-react@2.6.6
71 verbose installOne of flux-react to C:\Proj\portfolio not in flight; installing
72 verbose lock using C:\Users\benrh\AppData\Roaming\npm-cache\_locks\flux-react-06cfb77dbbd4e25f.lock for C:\Proj\portfolio\node_modules\flux-react
73 silly install write writing flux-react 2.6.6 to C:\Proj\portfolio\node_modules\flux-react
74 verbose unbuild node_modules\flux-react
75 silly gentlyRm C:\Proj\portfolio\node_modules\flux-react is being purged from base C:\Proj\portfolio
76 verbose gentlyRm don't care about contents; nuking C:\Proj\portfolio\node_modules\flux-react
77 verbose tar unpack C:\Users\benrh\AppData\Roaming\npm-cache\flux-react\2.6.6\package.tgz
78 verbose tar unpacking to C:\Proj\portfolio\node_modules\flux-react
79 silly gentlyRm C:\Proj\portfolio\node_modules\flux-react is being purged
80 verbose gentlyRm don't care about contents; nuking C:\Proj\portfolio\node_modules\flux-react
81 silly gunzTarPerm modes [ '777', '666' ]
82 silly gunzTarPerm extractEntry package.json
83 silly gunzTarPerm modified mode [ 'package.json', 420, 438 ]
84 silly gunzTarPerm extractEntry .npmignore
85 silly gunzTarPerm modified mode [ '.npmignore', 420, 438 ]
86 silly gunzTarPerm extractEntry README.md
87 silly gunzTarPerm modified mode [ 'README.md', 420, 438 ]
88 silly gunzTarPerm extractEntry LICENSE
89 silly gunzTarPerm modified mode [ 'LICENSE', 420, 438 ]
90 silly gunzTarPerm extractEntry gulpfile.js
91 silly gunzTarPerm modified mode [ 'gulpfile.js', 493, 511 ]
92 silly gunzTarPerm extractEntry build/JSXTransformer.js
93 silly gunzTarPerm modified mode [ 'build/JSXTransformer.js', 420, 438 ]
94 silly gunzTarPerm extractEntry build/flux-react.js
95 silly gunzTarPerm modified mode [ 'build/flux-react.js', 493, 511 ]
96 silly gunzTarPerm extractEntry build/react.js
97 silly gunzTarPerm modified mode [ 'build/react.js', 420, 438 ]
98 silly gunzTarPerm extractEntry build/index.html
99 silly gunzTarPerm modified mode [ 'build/index.html', 420, 438 ]
100 silly gunzTarPerm extractEntry .travis.yml
101 silly gunzTarPerm modified mode [ '.travis.yml', 420, 438 ]
102 silly gunzTarPerm extractEntry src/RenderMixin.js
103 silly gunzTarPerm modified mode [ 'src/RenderMixin.js', 420, 438 ]
104 silly gunzTarPerm extractEntry src/action.js
105 silly gunzTarPerm modified mode [ 'src/action.js', 420, 438 ]
106 silly gunzTarPerm extractEntry src/main.js
107 silly gunzTarPerm modified mode [ 'src/main.js', 420, 438 ]
108 silly gunzTarPerm extractEntry src/safeDeepClone.js
109 silly gunzTarPerm modified mode [ 'src/safeDeepClone.js', 420, 438 ]
110 silly gunzTarPerm extractEntry bower.json
111 silly gunzTarPerm modified mode [ 'bower.json', 420, 438 ]
112 silly gunzTarPerm extractEntry releases/2.4.1/flux-react-2.4.1.js
113 silly gunzTarPerm modified mode [ 'releases/2.4.1/flux-react-2.4.1.js', 493, 511 ]
114 silly gunzTarPerm extractEntry releases/2.4.1/flux-react-2.4.1.min.js
115 silly gunzTarPerm modified mode [ 'releases/2.4.1/flux-react-2.4.1.min.js', 493, 511 ]
116 silly gunzTarPerm extractEntry releases/2.0.0/flux-react-2.0.0.js
117 silly gunzTarPerm modified mode [ 'releases/2.0.0/flux-react-2.0.0.js', 493, 511 ]
118 silly gunzTarPerm extractEntry releases/2.0.0/flux-react-2.0.0.min.js
119 silly gunzTarPerm modified mode [ 'releases/2.0.0/flux-react-2.0.0.min.js', 493, 511 ]
120 silly gunzTarPerm extractEntry releases/2.0.2/flux-react-2.0.2.js
121 silly gunzTarPerm modified mode [ 'releases/2.0.2/flux-react-2.0.2.js', 493, 511 ]
122 silly gunzTarPerm extractEntry releases/2.0.2/flux-react-2.0.2.min.js
123 silly gunzTarPerm modified mode [ 'releases/2.0.2/flux-react-2.0.2.min.js', 493, 511 ]
124 silly gunzTarPerm extractEntry releases/2.0.3/flux-react-2.0.3.js
125 silly gunzTarPerm modified mode [ 'releases/2.0.3/flux-react-2.0.3.js', 493, 511 ]
126 silly gunzTarPerm extractEntry releases/2.0.3/flux-react-2.0.3.min.js
127 silly gunzTarPerm modified mode [ 'releases/2.0.3/flux-react-2.0.3.min.js', 493, 511 ]
128 silly gunzTarPerm extractEntry releases/2.0.4/flux-react-2.0.4.js
129 silly gunzTarPerm modified mode [ 'releases/2.0.4/flux-react-2.0.4.js', 493, 511 ]
130 silly gunzTarPerm extractEntry releases/2.0.4/flux-react-2.0.4.min.js
131 silly gunzTarPerm modified mode [ 'releases/2.0.4/flux-react-2.0.4.min.js', 493, 511 ]
132 silly gunzTarPerm extractEntry releases/2.1.0/flux-react-2.1.0.js
133 silly gunzTarPerm modified mode [ 'releases/2.1.0/flux-react-2.1.0.js', 493, 511 ]
134 silly gunzTarPerm extractEntry releases/2.1.0/flux-react-2.1.0.min.js
135 silly gunzTarPerm modified mode [ 'releases/2.1.0/flux-react-2.1.0.min.js', 493, 511 ]
136 silly gunzTarPerm extractEntry releases/2.2.0/flux-react-2.2.0.js
137 silly gunzTarPerm modified mode [ 'releases/2.2.0/flux-react-2.2.0.js', 493, 511 ]
138 silly gunzTarPerm extractEntry releases/2.2.0/flux-react-2.2.0.min.js
139 silly gunzTarPerm modified mode [ 'releases/2.2.0/flux-react-2.2.0.min.js', 493, 511 ]
140 silly gunzTarPerm extractEntry releases/2.3.0/flux-react-2.3.0.js
141 silly gunzTarPerm modified mode [ 'releases/2.3.0/flux-react-2.3.0.js', 493, 511 ]
142 silly gunzTarPerm extractEntry releases/2.3.0/flux-react-2.3.0.min.js
143 silly gunzTarPerm modified mode [ 'releases/2.3.0/flux-react-2.3.0.min.js', 493, 511 ]
144 silly gunzTarPerm extractEntry releases/2.4.0/flux-react-2.4.0.js
145 silly gunzTarPerm modified mode [ 'releases/2.4.0/flux-react-2.4.0.js', 493, 511 ]
146 silly gunzTarPerm extractEntry releases/2.4.0/flux-react-2.4.0.min.js
147 silly gunzTarPerm modified mode [ 'releases/2.4.0/flux-react-2.4.0.min.js', 493, 511 ]
148 silly gunzTarPerm extractEntry releases/2.0.1/flux-react-2.0.1.js
149 silly gunzTarPerm modified mode [ 'releases/2.0.1/flux-react-2.0.1.js', 493, 511 ]
150 silly gunzTarPerm extractEntry releases/2.0.1/flux-react-2.0.1.min.js
151 silly gunzTarPerm modified mode [ 'releases/2.0.1/flux-react-2.0.1.min.js', 493, 511 ]
152 silly gunzTarPerm extractEntry releases/2.4.2/flux-react-2.4.2.js
153 silly gunzTarPerm modified mode [ 'releases/2.4.2/flux-react-2.4.2.js', 493, 511 ]
154 silly gunzTarPerm extractEntry releases/2.4.2/flux-react-2.4.2.min.js
155 silly gunzTarPerm modified mode [ 'releases/2.4.2/flux-react-2.4.2.min.js', 493, 511 ]
156 silly gunzTarPerm extractEntry releases/2.5.0/flux-react-2.5.0.js
157 silly gunzTarPerm modified mode [ 'releases/2.5.0/flux-react-2.5.0.js', 493, 511 ]
158 silly gunzTarPerm extractEntry releases/2.5.0/flux-react-2.5.0.min.js
159 silly gunzTarPerm modified mode [ 'releases/2.5.0/flux-react-2.5.0.min.js', 493, 511 ]
160 silly gunzTarPerm extractEntry releases/2.5.1/flux-react-2.5.1.js
161 silly gunzTarPerm modified mode [ 'releases/2.5.1/flux-react-2.5.1.js', 493, 511 ]
162 silly gunzTarPerm extractEntry releases/2.5.1/flux-react-2.5.1.min.js
163 silly gunzTarPerm modified mode [ 'releases/2.5.1/flux-react-2.5.1.min.js', 493, 511 ]
164 silly gunzTarPerm extractEntry releases/2.6.0/flux-react-2.6.0.js
165 silly gunzTarPerm modified mode [ 'releases/2.6.0/flux-react-2.6.0.js', 493, 511 ]
166 silly gunzTarPerm extractEntry releases/2.6.0/flux-react-2.6.0.min.js
167 silly gunzTarPerm modified mode [ 'releases/2.6.0/flux-react-2.6.0.min.js', 493, 511 ]
168 silly gunzTarPerm extractEntry releases/2.6.1/flux-react-2.6.1.js
169 silly gunzTarPerm modified mode [ 'releases/2.6.1/flux-react-2.6.1.js', 493, 511 ]
170 silly gunzTarPerm extractEntry releases/2.6.1/flux-react-2.6.1.min.js
171 silly gunzTarPerm modified mode [ 'releases/2.6.1/flux-react-2.6.1.min.js', 493, 511 ]
172 silly gunzTarPerm extractEntry releases/2.6.2/flux-react-2.6.2.js
173 silly gunzTarPerm modified mode [ 'releases/2.6.2/flux-react-2.6.2.js', 493, 511 ]
174 silly gunzTarPerm extractEntry releases/2.6.2/flux-react-2.6.2.min.js
175 silly gunzTarPerm modified mode [ 'releases/2.6.2/flux-react-2.6.2.min.js', 493, 511 ]
176 silly gunzTarPerm extractEntry releases/2.6.3/flux-react-2.6.3.js
177 silly gunzTarPerm modified mode [ 'releases/2.6.3/flux-react-2.6.3.js', 420, 438 ]
178 silly gunzTarPerm extractEntry releases/2.6.3/flux-react-2.6.3.min.js
179 silly gunzTarPerm modified mode [ 'releases/2.6.3/flux-react-2.6.3.min.js', 420, 438 ]
180 silly gunzTarPerm extractEntry releases/2.6.6/flux-react-2.6.6.js
181 silly gunzTarPerm modified mode [ 'releases/2.6.6/flux-react-2.6.6.js', 420, 438 ]
182 silly gunzTarPerm extractEntry releases/2.6.6/flux-react-2.6.6.min.js
183 silly gunzTarPerm modified mode [ 'releases/2.6.6/flux-react-2.6.6.min.js', 420, 438 ]
184 silly gunzTarPerm extractEntry test.html
185 silly gunzTarPerm modified mode [ 'test.html', 493, 511 ]
186 verbose write writing to C:\Proj\portfolio\node_modules\flux-react\package.json
187 info preinstall flux-react@2.6.6
188 verbose readDependencies loading dependencies from C:\Proj\portfolio\node_modules\flux-react\package.json
189 silly prepareForInstallMany adding eventemitter2@^0.4.14 from flux-react dependencies
190 silly prepareForInstallMany adding react@^0.13.0 || ^0.12.0 || ^0.11.0 from flux-react peerDependencies
191 warn peerDependencies The peer dependency react@^0.13.0 || ^0.12.0 || ^0.11.0 included from flux-react will no
192 warn peerDependencies longer be automatically installed to fulfill the peerDependency
193 warn peerDependencies in npm 3+. Your application will need to depend on it explicitly.
194 verbose readDependencies loading dependencies from C:\Proj\portfolio\node_modules\flux-react\package.json
195 silly cache add args [ 'eventemitter2@^0.4.14', null ]
196 verbose cache add spec eventemitter2@^0.4.14
197 silly cache add parsed spec Result {
197 silly cache add   raw: 'eventemitter2@^0.4.14',
197 silly cache add   scope: null,
197 silly cache add   name: 'eventemitter2',
197 silly cache add   rawSpec: '^0.4.14',
197 silly cache add   spec: '>=0.4.14 <0.5.0',
197 silly cache add   type: 'range' }
198 silly addNamed eventemitter2@>=0.4.14 <0.5.0
199 verbose addNamed ">=0.4.14 <0.5.0" is a valid semver range for eventemitter2
200 silly addNameRange { name: 'eventemitter2',
200 silly addNameRange   range: '>=0.4.14 <0.5.0',
200 silly addNameRange   hasData: false }
201 silly mapToRegistry name eventemitter2
202 silly mapToRegistry using default registry
203 silly mapToRegistry registry https://registry.npmjs.org/
204 silly mapToRegistry uri https://registry.npmjs.org/eventemitter2
205 verbose addNameRange registry:https://registry.npmjs.org/eventemitter2 not in flight; fetching
206 verbose request uri https://registry.npmjs.org/eventemitter2
207 verbose request no auth needed
208 info attempt registry request try #1 at 2:04:14 AM
209 verbose etag "5A7TVE65P6OQIUHUEOYPQFWML"
210 http request GET https://registry.npmjs.org/eventemitter2
211 http 200 https://registry.npmjs.org/eventemitter2
212 silly get cb [ 200,
212 silly get   { server: 'CouchDB/1.5.0 (Erlang OTP/R16B03)',
212 silly get     etag: '"5OVM5CTJ3RP8783CMIZC0IYUK"',
212 silly get     'content-type': 'application/json',
212 silly get     'cache-control': 'max-age=60',
212 silly get     'content-length': '37315',
212 silly get     'accept-ranges': 'bytes',
212 silly get     date: 'Thu, 15 Oct 2015 06:04:07 GMT',
212 silly get     via: '1.1 varnish',
212 silly get     age: '0',
212 silly get     connection: 'keep-alive',
212 silly get     'x-served-by': 'cache-atl6234-ATL',
212 silly get     'x-cache': 'HIT',
212 silly get     'x-cache-hits': '1',
212 silly get     'x-timer': 'S1444889047.803069,VS0,VE91',
212 silly get     vary: 'Accept' } ]
213 verbose get saving eventemitter2 to C:\Users\benrh\AppData\Roaming\npm-cache\registry.npmjs.org\eventemitter2\.cache.json
214 silly addNameRange number 2 { name: 'eventemitter2',
214 silly addNameRange   range: '>=0.4.14 <0.5.0',
214 silly addNameRange   hasData: true }
215 silly addNameRange versions [ 'eventemitter2',
215 silly addNameRange   [ '0.0.1',
215 silly addNameRange     '0.1.0',
215 silly addNameRange     '0.1.1',
215 silly addNameRange     '0.1.3',
215 silly addNameRange     '0.2.5',
215 silly addNameRange     '0.2.6',
215 silly addNameRange     '0.2.7',
215 silly addNameRange     '0.3.5',
215 silly addNameRange     '0.3.6',
215 silly addNameRange     '0.3.7',
215 silly addNameRange     '0.4.0',
215 silly addNameRange     '0.4.1',
215 silly addNameRange     '0.4.3',
215 silly addNameRange     '0.4.6',
215 silly addNameRange     '0.4.7',
215 silly addNameRange     '0.4.8',
215 silly addNameRange     '0.4.9',
215 silly addNameRange     '0.4.10',
215 silly addNameRange     '0.4.11',
215 silly addNameRange     '0.4.12',
215 silly addNameRange     '0.4.13',
215 silly addNameRange     '0.4.14' ] ]
216 silly addNamed eventemitter2@0.4.14
217 verbose addNamed "0.4.14" is a plain semver version for eventemitter2
218 silly cache afterAdd eventemitter2@0.4.14
219 verbose afterAdd C:\Users\benrh\AppData\Roaming\npm-cache\eventemitter2\0.4.14\package\package.json not in flight; writing
220 verbose afterAdd C:\Users\benrh\AppData\Roaming\npm-cache\eventemitter2\0.4.14\package\package.json written
221 silly install resolved [ { name: 'eventemitter2',
221 silly install resolved     version: '0.4.14',
221 silly install resolved     description: 'A Node.js event emitter implementation with namespaces, wildcards, TTL and browser support.',
221 silly install resolved     keywords: [ 'event', 'events', 'emitter', 'eventemitter' ],
221 silly install resolved     author: { name: 'hij1nx', email: 'paolo@async.ly' },
221 silly install resolved     contributors: [ [Object], [Object], [Object], [Object], [Object] ],
221 silly install resolved     license: 'MIT',
221 silly install resolved     repository:
221 silly install resolved      { type: 'git',
221 silly install resolved        url: 'git://github.com/hij1nx/EventEmitter2.git' },
221 silly install resolved     devDependencies: { nodeunit: '*', benchmark: '>= 0.2.2' },
221 silly install resolved     main: './lib/eventemitter2.js',
221 silly install resolved     scripts:
221 silly install resolved      { test: 'nodeunit test/simple/ && nodeunit test/wildcardEvents/',
221 silly install resolved        benchmark: 'node test/perf/benchmark.js' },
221 silly install resolved     files: [ 'lib/eventemitter2.js', 'index.js' ],
221 silly install resolved     bugs: { url: 'https://github.com/hij1nx/EventEmitter2/issues' },
221 silly install resolved     homepage: 'https://github.com/hij1nx/EventEmitter2',
221 silly install resolved     _id: 'eventemitter2@0.4.14',
221 silly install resolved     _shasum: '8f61b75cde012b2e9eb284d4545583b5643b61ab',
221 silly install resolved     _from: 'eventemitter2@>=0.4.14 <0.5.0',
221 silly install resolved     _npmVersion: '1.4.7',
221 silly install resolved     _npmUser: { name: 'jasonkuhrt', email: 'jasonkuhrt@me.com' },
221 silly install resolved     maintainers: [ [Object], [Object] ],
221 silly install resolved     dist:
221 silly install resolved      { shasum: '8f61b75cde012b2e9eb284d4545583b5643b61ab',
221 silly install resolved        tarball: 'http://registry.npmjs.org/eventemitter2/-/eventemitter2-0.4.14.tgz' },
221 silly install resolved     directories: {},
221 silly install resolved     _resolved: 'https://registry.npmjs.org/eventemitter2/-/eventemitter2-0.4.14.tgz',
221 silly install resolved     readme: 'ERROR: No README data found!' } ]
222 info install eventemitter2@0.4.14 into C:\Proj\portfolio\node_modules\flux-react
223 info installOne eventemitter2@0.4.14
224 verbose installOne of eventemitter2 to C:\Proj\portfolio\node_modules\flux-react not in flight; installing
225 verbose lock using C:\Users\benrh\AppData\Roaming\npm-cache\_locks\eventemitter2-ee70a562d069574e.lock for C:\Proj\portfolio\node_modules\flux-react\node_modules\eventemitter2
226 silly install write writing eventemitter2 0.4.14 to C:\Proj\portfolio\node_modules\flux-react\node_modules\eventemitter2
227 verbose unbuild node_modules\flux-react\node_modules\eventemitter2
228 silly gentlyRm C:\Proj\portfolio\node_modules\flux-react\node_modules\eventemitter2 is being purged from base C:\Proj\portfolio
229 verbose gentlyRm don't care about contents; nuking C:\Proj\portfolio\node_modules\flux-react\node_modules\eventemitter2
230 verbose tar unpack C:\Users\benrh\AppData\Roaming\npm-cache\eventemitter2\0.4.14\package.tgz
231 verbose tar unpacking to C:\Proj\portfolio\node_modules\flux-react\node_modules\eventemitter2
232 silly gentlyRm C:\Proj\portfolio\node_modules\flux-react\node_modules\eventemitter2 is being purged
233 verbose gentlyRm don't care about contents; nuking C:\Proj\portfolio\node_modules\flux-react\node_modules\eventemitter2
234 silly gunzTarPerm modes [ '777', '666' ]
235 silly gunzTarPerm extractEntry package.json
236 silly gunzTarPerm modified mode [ 'package.json', 420, 438 ]
237 silly gunzTarPerm extractEntry README.md
238 silly gunzTarPerm modified mode [ 'README.md', 420, 438 ]
239 silly gunzTarPerm extractEntry index.js
240 silly gunzTarPerm modified mode [ 'index.js', 420, 438 ]
241 silly gunzTarPerm extractEntry lib/eventemitter2.js
242 silly gunzTarPerm modified mode [ 'lib/eventemitter2.js', 420, 438 ]
243 verbose write writing to C:\Proj\portfolio\node_modules\flux-react\node_modules\eventemitter2\package.json
244 info preinstall eventemitter2@0.4.14
245 verbose readDependencies loading dependencies from C:\Proj\portfolio\node_modules\flux-react\node_modules\eventemitter2\package.json
246 verbose readDependencies loading dependencies from C:\Proj\portfolio\node_modules\flux-react\node_modules\eventemitter2\package.json
247 silly install resolved []
248 verbose about to build C:\Proj\portfolio\node_modules\flux-react\node_modules\eventemitter2
249 info build C:\Proj\portfolio\node_modules\flux-react\node_modules\eventemitter2
250 info linkStuff eventemitter2@0.4.14
251 silly linkStuff eventemitter2@0.4.14 has C:\Proj\portfolio\node_modules\flux-react\node_modules as its parent node_modules
252 verbose linkBins eventemitter2@0.4.14
253 verbose linkMans eventemitter2@0.4.14
254 verbose rebuildBundles eventemitter2@0.4.14
255 info install eventemitter2@0.4.14
256 info postinstall eventemitter2@0.4.14
257 verbose unlock done using C:\Users\benrh\AppData\Roaming\npm-cache\_locks\eventemitter2-ee70a562d069574e.lock for C:\Proj\portfolio\node_modules\flux-react\node_modules\eventemitter2
258 verbose about to build C:\Proj\portfolio\node_modules\flux-react
259 info build C:\Proj\portfolio\node_modules\flux-react
260 info linkStuff flux-react@2.6.6
261 silly linkStuff flux-react@2.6.6 has C:\Proj\portfolio\node_modules as its parent node_modules
262 verbose linkBins flux-react@2.6.6
263 verbose linkMans flux-react@2.6.6
264 verbose rebuildBundles flux-react@2.6.6
265 verbose rebuildBundles [ 'eventemitter2' ]
266 info install flux-react@2.6.6
267 info postinstall flux-react@2.6.6
268 verbose readDependencies loading dependencies from C:\Proj\portfolio\package.json
269 verbose targetResolver reading package data from C:\Proj\portfolio\node_modules\babelify\package.json
270 verbose targetResolver reading package data from C:\Proj\portfolio\node_modules\browserify\package.json
271 verbose targetResolver reading package data from C:\Proj\portfolio\node_modules\browserify-shim\package.json
272 verbose targetResolver reading package data from C:\Proj\portfolio\node_modules\del\package.json
273 verbose targetResolver reading package data from C:\Proj\portfolio\node_modules\eslint\package.json
274 verbose targetResolver reading package data from C:\Proj\portfolio\node_modules\flux-react\package.json
275 verbose targetResolver reading package data from C:\Proj\portfolio\node_modules\gulp\package.json
276 verbose targetResolver reading package data from C:\Proj\portfolio\node_modules\gulp-autoprefixer\package.json
277 verbose targetResolver reading package data from C:\Proj\portfolio\node_modules\gulp-cache\package.json
278 verbose targetResolver reading package data from C:\Proj\portfolio\node_modules\gulp-changed\package.json
279 verbose targetResolver reading package data from C:\Proj\portfolio\node_modules\gulp-clean\package.json
280 verbose targetResolver reading package data from C:\Proj\portfolio\node_modules\gulp-connect\package.json
281 verbose targetResolver reading package data from C:\Proj\portfolio\node_modules\gulp-html-replace\package.json
282 verbose targetResolver reading package data from C:\Proj\portfolio\node_modules\gulp-htmlmin\package.json
283 verbose targetResolver reading package data from C:\Proj\portfolio\node_modules\gulp-imagemin\package.json
284 verbose targetResolver reading package data from C:\Proj\portfolio\node_modules\gulp-jshint\package.json
285 verbose targetResolver reading package data from C:\Proj\portfolio\node_modules\gulp-minify-css\package.json
286 verbose targetResolver reading package data from C:\Proj\portfolio\node_modules\gulp-rename\package.json
287 verbose targetResolver reading package data from C:\Proj\portfolio\node_modules\gulp-sass\package.json
288 verbose targetResolver reading package data from C:\Proj\portfolio\node_modules\gulp-sourcemaps\package.json
289 verbose targetResolver reading package data from C:\Proj\portfolio\node_modules\gulp-streamify\package.json
290 verbose targetResolver reading package data from C:\Proj\portfolio\node_modules\gulp-uglify\package.json
291 verbose targetResolver reading package data from C:\Proj\portfolio\node_modules\react\package.json
292 verbose targetResolver reading package data from C:\Proj\portfolio\node_modules\react-bootstrap\package.json
293 verbose targetResolver reading package data from C:\Proj\portfolio\node_modules\react-dom\package.json
294 verbose targetResolver reading package data from C:\Proj\portfolio\node_modules\react-fittext\package.json
295 verbose targetResolver reading package data from C:\Proj\portfolio\node_modules\react-remarkable\package.json
296 verbose targetResolver reading package data from C:\Proj\portfolio\node_modules\superagent\package.json
297 verbose targetResolver reading package data from C:\Proj\portfolio\node_modules\vinyl-source-stream\package.json
298 verbose targetResolver reading package data from C:\Proj\portfolio\node_modules\watchify\package.json
299 verbose targetResolver reading package data from C:\Proj\portfolio\node_modules\.bin\browserify\package.json
300 verbose targetResolver reading package data from C:\Proj\portfolio\node_modules\.bin\browserify.cmd\package.json
301 verbose targetResolver reading package data from C:\Proj\portfolio\node_modules\.bin\eslint\package.json
302 verbose targetResolver reading package data from C:\Proj\portfolio\node_modules\.bin\eslint.cmd\package.json
303 verbose targetResolver reading package data from C:\Proj\portfolio\node_modules\.bin\gulp\package.json
304 verbose targetResolver reading package data from C:\Proj\portfolio\node_modules\.bin\gulp.cmd\package.json
305 verbose targetResolver reading package data from C:\Proj\portfolio\node_modules\.bin\watchify\package.json
306 verbose targetResolver reading package data from C:\Proj\portfolio\node_modules\.bin\watchify.cmd\package.json
307 verbose already installed skipping react@^0.13.0 || ^0.12.0 || ^0.11.0 C:\Proj\portfolio
308 silly install resolved []
309 verbose unlock done using C:\Users\benrh\AppData\Roaming\npm-cache\_locks\flux-react-06cfb77dbbd4e25f.lock for C:\Proj\portfolio\node_modules\flux-react
310 verbose validateInstall loading C:\Proj\portfolio\package.json for validation
311 verbose stack Error: The package react@0.14.0 does not satisfy its siblings' peerDependencies requirements!
311 verbose stack     at C:\Program Files\nodejs\node_modules\npm\lib\install.js:125:32
311 verbose stack     at C:\Program Files\nodejs\node_modules\npm\lib\install.js:268:7
311 verbose stack     at C:\Program Files\nodejs\node_modules\npm\node_modules\read-installed\read-installed.js:142:5
311 verbose stack     at C:\Program Files\nodejs\node_modules\npm\node_modules\read-installed\read-installed.js:263:14
311 verbose stack     at cb (C:\Program Files\nodejs\node_modules\npm\node_modules\slide\lib\async-map.js:47:24)
311 verbose stack     at C:\Program Files\nodejs\node_modules\npm\node_modules\read-installed\read-installed.js:263:14
311 verbose stack     at cb (C:\Program Files\nodejs\node_modules\npm\node_modules\slide\lib\async-map.js:47:24)
311 verbose stack     at C:\Program Files\nodejs\node_modules\npm\node_modules\read-installed\read-installed.js:263:14
311 verbose stack     at cb (C:\Program Files\nodejs\node_modules\npm\node_modules\slide\lib\async-map.js:47:24)
311 verbose stack     at C:\Program Files\nodejs\node_modules\npm\node_modules\read-installed\read-installed.js:263:14
312 verbose cwd C:\Proj\portfolio
313 error Windows_NT 10.0.10240
314 error argv "C:\\Program Files\\nodejs\\node.exe" "C:\\Program Files\\nodejs\\node_modules\\npm\\bin\\npm-cli.js" "install" "--save" "flux-react"
315 error node v4.0.0
316 error npm  v2.14.2
317 error code EPEERINVALID
318 error peerinvalid The package react@0.14.0 does not satisfy its siblings' peerDependencies requirements!
318 error peerinvalid Peer react-bootstrap@0.27.1 wants react@>=0.14.0
318 error peerinvalid Peer flux-react@2.6.6 wants react@^0.13.0 || ^0.12.0 || ^0.11.0
319 verbose exit [ 1, true ]
